Performing C SOURCE FILE Test CMAKE_HAVE_LIBC_PTHREAD failed with the following output:
Change Dir: /mnt/c/Users/23324/Documents/Codes/cppjson/CMakeFiles/CMakeTmp

Run Build Command(s):/usr/bin/make cmTC_93a2a/fast && make: Warning: File 'Makefile' has modification time 0.41 s in the future
/usr/bin/make -f CMakeFiles/cmTC_93a2a.dir/build.make CMakeFiles/cmTC_93a2a.dir/build
make[1]: Entering directory '/mnt/c/Users/23324/Documents/Codes/cppjson/CMakeFiles/CMakeTmp'
make[1]: Warning: File 'CMakeFiles/cmTC_93a2a.dir/flags.make' has modification time 0.39 s in the future
Building C object CMakeFiles/cmTC_93a2a.dir/src.c.o
/usr/bin/cc   -DCMAKE_HAVE_LIBC_PTHREAD   -o CMakeFiles/cmTC_93a2a.dir/src.c.o   -c /mnt/c/Users/23324/Documents/Codes/cppjson/CMakeFiles/CMakeTmp/src.c
Linking C executable cmTC_93a2a
/usr/bin/cmake -E cmake_link_script CMakeFiles/cmTC_93a2a.dir/link.txt --verbose=1
/usr/bin/cc  -DCMAKE_HAVE_LIBC_PTHREAD    -rdynamic CMakeFiles/cmTC_93a2a.dir/src.c.o  -o cmTC_93a2a 
/usr/bin/ld: CMakeFiles/cmTC_93a2a.dir/src.c.o: in function `main':
src.c:(.text+0x46): undefined reference to `pthread_create'
/usr/bin/ld: src.c:(.text+0x52): undefined reference to `pthread_detach'
/usr/bin/ld: src.c:(.text+0x63): undefined reference to `pthread_join'
collect2: error: ld returned 1 exit status
make[1]: *** [CMakeFiles/cmTC_93a2a.dir/build.make:87: cmTC_93a2a] Error 1
make[1]: Leaving directory '/mnt/c/Users/23324/Documents/Codes/cppjson/CMakeFiles/CMakeTmp'
make: *** [Makefile:121: cmTC_93a2a/fast] Error 2


Source file was:
#include <pthread.h>

void* test_func(void* data)
{
  return data;
}

int main(void)
{
  pthread_t thread;
  pthread_create(&thread, NULL, test_func, NULL);
  pthread_detach(thread);
  pthread_join(thread, NULL);
  pthread_atfork(NULL, NULL, NULL);
  pthread_exit(NULL);

  return 0;
}

Determining if the function pthread_create exists in the pthreads failed with the following output:
Change Dir: /mnt/c/Users/23324/Documents/Codes/cppjson/CMakeFiles/CMakeTmp

Run Build Command(s):/usr/bin/make cmTC_67599/fast && make: Warning: File 'Makefile' has modification time 0.41 s in the future
/usr/bin/make -f CMakeFiles/cmTC_67599.dir/build.make CMakeFiles/cmTC_67599.dir/build
make[1]: Entering directory '/mnt/c/Users/23324/Documents/Codes/cppjson/CMakeFiles/CMakeTmp'
make[1]: Warning: File 'CMakeFiles/cmTC_67599.dir/flags.make' has modification time 0.39 s in the future
Building C object CMakeFiles/cmTC_67599.dir/CheckFunctionExists.c.o
/usr/bin/cc   -DCHECK_FUNCTION_EXISTS=pthread_create   -o CMakeFiles/cmTC_67599.dir/CheckFunctionExists.c.o   -c /usr/share/cmake-3.16/Modules/CheckFunctionExists.c
Linking C executable cmTC_67599
/usr/bin/cmake -E cmake_link_script CMakeFiles/cmTC_67599.dir/link.txt --verbose=1
/usr/bin/cc  -DCHECK_FUNCTION_EXISTS=pthread_create    -rdynamic CMakeFiles/cmTC_67599.dir/CheckFunctionExists.c.o  -o cmTC_67599  -lpthreads 
/usr/bin/ld: cannot find -lpthreads
collect2: error: ld returned 1 exit status
make[1]: *** [CMakeFiles/cmTC_67599.dir/build.make:87: cmTC_67599] Error 1
make[1]: Leaving directory '/mnt/c/Users/23324/Documents/Codes/cppjson/CMakeFiles/CMakeTmp'
make: *** [Makefile:121: cmTC_67599/fast] Error 2



